# JRE version: Java(TM) SE Runtime Environment (9.0+11) (build 9.0.1+11)
# Java VM: Java HotSpot(TM) 64-Bit Server VM (9.0.1+11, mixed mode, tiered, compressed oops, g1 gc, bsd-amd64)
Heap:
 garbage-first heap   total 121856K, used 37312K [0x00000007a0000000, 0x00000007a01003b8, 0x00000007c0000000)
  region size 1024K, 2 young (2048K), 0 survivors (0K)
 Metaspace       used 38025K, capacity 39173K, committed 39544K, reserved 1083392K
  class space    used 4746K, capacity 4969K, committed 4984K, reserved 1048576K
GC Heap History (10 events):
Event: 46.121 GC heap before
{Heap before GC invocations=15 (full 0):
 garbage-first heap   total 262144K, used 201963K [0x00000007a0000000, 0x00000007a0100800, 0x00000007c0000000)
  region size 1024K, 153 young (156672K), 12 survivors (12288K)
 Metaspace       used 37822K, capacity 39021K, committed 39288K, reserved 1083392K
  class space    used 4729K, capacity 4965K, committed 4984K, reserved 1048576K
}
Event: 46.127 GC heap after
{Heap after GC invocations=16 (full 0):
 garbage-first heap   total 262144K, used 57393K [0x00000007a0000000, 0x00000007a0100800, 0x00000007c0000000)
  region size 1024K, 12 young (12288K), 12 survivors (12288K)
 Metaspace       used 37822K, capacity 39021K, committed 39288K, reserved 1083392K
  class space    used 4729K, capacity 4965K, committed 4984K, reserved 1048576K
}
Event: 77.829 GC heap before
{Heap before GC invocations=16 (full 0):
 garbage-first heap   total 262144K, used 201777K [0x00000007a0000000, 0x00000007a0100800, 0x00000007c0000000)
  region size 1024K, 153 young (156672K), 12 survivors (12288K)
 Metaspace       used 37855K, capacity 39021K, committed 39288K, reserved 1083392K
  class space    used 4730K, capacity 4965K, committed 4984K, reserved 1048576K
}
Event: 77.834 GC heap after
{Heap after GC invocations=17 (full 0):
 garbage-first heap   total 262144K, used 58051K [0x00000007a0000000, 0x00000007a0100800, 0x00000007c0000000)
  region size 1024K, 12 young (12288K), 12 survivors (12288K)
 Metaspace       used 37855K, capacity 39021K, committed 39288K, reserved 1083392K
  class space    used 4730K, capacity 4965K, committed 4984K, reserved 1048576K
}
Event: 152.306 GC heap before
{Heap before GC invocations=17 (full 0):
 garbage-first heap   total 262144K, used 202435K [0x00000007a0000000, 0x00000007a0100800, 0x00000007c0000000)
  region size 1024K, 153 young (156672K), 12 survivors (12288K)
 Metaspace       used 37877K, capacity 39021K, committed 39288K, reserved 1083392K
  class space    used 4730K, capacity 4965K, committed 4984K, reserved 1048576K
}
Event: 152.313 GC heap after
{Heap after GC invocations=18 (full 0):
 garbage-first heap   total 262144K, used 58739K [0x00000007a0000000, 0x00000007a0100800, 0x00000007c0000000)
  region size 1024K, 11 young (11264K), 11 survivors (11264K)
 Metaspace       used 37877K, capacity 39021K, committed 39288K, reserved 1083392K
  class space    used 4730K, capacity 4965K, committed 4984K, reserved 1048576K
}
Event: 227.343 GC heap before
{Heap before GC invocations=18 (full 0):
 garbage-first heap   total 262144K, used 204147K [0x00000007a0000000, 0x00000007a0100800, 0x00000007c0000000)
  region size 1024K, 153 young (156672K), 11 survivors (11264K)
 Metaspace       used 37890K, capacity 39085K, committed 39288K, reserved 1083392K
  class space    used 4730K, capacity 4965K, committed 4984K, reserved 1048576K
}
Event: 227.349 GC heap after
{Heap after GC invocations=19 (full 0):
 garbage-first heap   total 262144K, used 58154K [0x00000007a0000000, 0x00000007a0100800, 0x00000007c0000000)
  region size 1024K, 10 young (10240K), 10 survivors (10240K)
 Metaspace       used 37890K, capacity 39085K, committed 39288K, reserved 1083392K
  class space    used 4730K, capacity 4965K, committed 4984K, reserved 1048576K
}
Event: 230.337 GC heap before
{Heap before GC invocations=19 (full 0):
 garbage-first heap   total 262144K, used 65322K [0x00000007a0000000, 0x00000007a0100800, 0x00000007c0000000)
  region size 1024K, 18 young (18432K), 10 survivors (10240K)
 Metaspace       used 37944K, capacity 39103K, committed 39544K, reserved 1083392K
  class space    used 4741K, capacity 4968K, committed 4984K, reserved 1048576K
}
Event: 230.441 GC heap after
{Heap after GC invocations=20 (full 1):
 garbage-first heap   total 121856K, used 36288K [0x00000007a0000000, 0x00000007a01003b8, 0x00000007c0000000)
  region size 1024K, 0 young (0K), 0 survivors (0K)
 Metaspace       used 37944K, capacity 39103K, committed 39544K, reserved 1083392K
  class space    used 4741K, capacity 4968K, committed 4984K, reserved 1048576K
}

