# JRE version: Java(TM) SE Runtime Environment (9.0+11) (build 9.0.1+11)
# Java VM: Java HotSpot(TM) 64-Bit Server VM (9.0.1+11, mixed mode, tiered, compressed oops, g1 gc, bsd-amd64)
Heap:
 garbage-first heap   total 123904K, used 38027K [0x00000007a0000000, 0x00000007a01003c8, 0x00000007c0000000)
  region size 1024K, 2 young (2048K), 0 survivors (0K)
 Metaspace       used 37974K, capacity 39105K, committed 39544K, reserved 1083392K
  class space    used 4748K, capacity 4969K, committed 4984K, reserved 1048576K
GC Heap History (10 events):
Event: 27.077 GC heap before
{Heap before GC invocations=8 (full 0):
 garbage-first heap   total 262144K, used 183026K [0x00000007a0000000, 0x00000007a0100800, 0x00000007c0000000)
  region size 1024K, 152 young (155648K), 8 survivors (8192K)
 Metaspace       used 37003K, capacity 38177K, committed 38520K, reserved 1083392K
  class space    used 4719K, capacity 4963K, committed 4984K, reserved 1048576K
}
Event: 27.087 GC heap after
{Heap after GC invocations=9 (full 0):
 garbage-first heap   total 262144K, used 41714K [0x00000007a0000000, 0x00000007a0100800, 0x00000007c0000000)
  region size 1024K, 13 young (13312K), 13 survivors (13312K)
 Metaspace       used 37003K, capacity 38177K, committed 38520K, reserved 1083392K
  class space    used 4719K, capacity 4963K, committed 4984K, reserved 1048576K
}
Event: 32.514 GC heap before
{Heap before GC invocations=9 (full 0):
 garbage-first heap   total 262144K, used 179954K [0x00000007a0000000, 0x00000007a0100800, 0x00000007c0000000)
  region size 1024K, 149 young (152576K), 13 survivors (13312K)
 Metaspace       used 37696K, capacity 38893K, committed 39288K, reserved 1083392K
  class space    used 4730K, capacity 4965K, committed 4984K, reserved 1048576K
}
Event: 32.523 GC heap after
{Heap after GC invocations=10 (full 0):
 garbage-first heap   total 262144K, used 45959K [0x00000007a0000000, 0x00000007a0100800, 0x00000007c0000000)
  region size 1024K, 13 young (13312K), 13 survivors (13312K)
 Metaspace       used 37696K, capacity 38893K, committed 39288K, reserved 1083392K
  class space    used 4730K, capacity 4965K, committed 4984K, reserved 1048576K
}
Event: 35.159 GC heap before
{Heap before GC invocations=10 (full 0):
 garbage-first heap   total 262144K, used 184199K [0x00000007a0000000, 0x00000007a0100800, 0x00000007c0000000)
  region size 1024K, 149 young (152576K), 13 survivors (13312K)
 Metaspace       used 37772K, capacity 38893K, committed 39288K, reserved 1083392K
  class space    used 4730K, capacity 4965K, committed 4984K, reserved 1048576K
}
Event: 35.165 GC heap after
{Heap after GC invocations=11 (full 0):
 garbage-first heap   total 262144K, used 48355K [0x00000007a0000000, 0x00000007a0100800, 0x00000007c0000000)
  region size 1024K, 8 young (8192K), 8 survivors (8192K)
 Metaspace       used 37772K, capacity 38893K, committed 39288K, reserved 1083392K
  class space    used 4730K, capacity 4965K, committed 4984K, reserved 1048576K
}
Event: 51.233 GC heap before
{Heap before GC invocations=11 (full 0):
 garbage-first heap   total 262144K, used 192739K [0x00000007a0000000, 0x00000007a0100800, 0x00000007c0000000)
  region size 1024K, 149 young (152576K), 8 survivors (8192K)
 Metaspace       used 37822K, capacity 38957K, committed 39288K, reserved 1083392K
  class space    used 4731K, capacity 4965K, committed 4984K, reserved 1048576K
}
Event: 51.240 GC heap after
{Heap after GC invocations=12 (full 0):
 garbage-first heap   total 262144K, used 56814K [0x00000007a0000000, 0x00000007a0100800, 0x00000007c0000000)
  region size 1024K, 16 young (16384K), 16 survivors (16384K)
 Metaspace       used 37822K, capacity 38957K, committed 39288K, reserved 1083392K
  class space    used 4731K, capacity 4965K, committed 4984K, reserved 1048576K
}
Event: 60.662 GC heap before
{Heap before GC invocations=12 (full 0):
 garbage-first heap   total 262144K, used 77294K [0x00000007a0000000, 0x00000007a0100800, 0x00000007c0000000)
  region size 1024K, 37 young (37888K), 16 survivors (16384K)
 Metaspace       used 37895K, capacity 39039K, committed 39288K, reserved 1083392K
  class space    used 4742K, capacity 4968K, committed 4984K, reserved 1048576K
}
Event: 60.740 GC heap after
{Heap after GC invocations=13 (full 1):
 garbage-first heap   total 123904K, used 37003K [0x00000007a0000000, 0x00000007a01003c8, 0x00000007c0000000)
  region size 1024K, 0 young (0K), 0 survivors (0K)
 Metaspace       used 37895K, capacity 39039K, committed 39288K, reserved 1083392K
  class space    used 4742K, capacity 4968K, committed 4984K, reserved 1048576K
}

