# JRE version: Java(TM) SE Runtime Environment (9.0+11) (build 9.0.1+11)
# Java VM: Java HotSpot(TM) 64-Bit Server VM (9.0.1+11, mixed mode, tiered, compressed oops, g1 gc, bsd-amd64)
Heap:
 garbage-first heap   total 262144K, used 47781K [0x00000007a0000000, 0x00000007a0100800, 0x00000007c0000000)
  region size 1024K, 12 young (12288K), 8 survivors (8192K)
 Metaspace       used 37757K, capacity 38999K, committed 39292K, reserved 1083392K
  class space    used 5179K, capacity 5414K, committed 5504K, reserved 1048576K
GC Heap History (10 events):
Event: 2.052 GC heap before
{Heap before GC invocations=1 (full 0):
 garbage-first heap   total 262144K, used 14271K [0x00000007a0000000, 0x00000007a0100800, 0x00000007c0000000)
  region size 1024K, 12 young (12288K), 2 survivors (2048K)
 Metaspace       used 13825K, capacity 14696K, committed 14848K, reserved 1062912K
  class space    used 1556K, capacity 1755K, committed 1792K, reserved 1048576K
}
Event: 2.058 GC heap after
{Heap after GC invocations=2 (full 0):
 garbage-first heap   total 262144K, used 6144K [0x00000007a0000000, 0x00000007a0100800, 0x00000007c0000000)
  region size 1024K, 2 young (2048K), 2 survivors (2048K)
 Metaspace       used 13825K, capacity 14696K, committed 14848K, reserved 1062912K
  class space    used 1556K, capacity 1755K, committed 1792K, reserved 1048576K
}
Event: 2.577 GC heap before
{Heap before GC invocations=2 (full 0):
 garbage-first heap   total 262144K, used 20480K [0x00000007a0000000, 0x00000007a0100800, 0x00000007c0000000)
  region size 1024K, 11 young (11264K), 2 survivors (2048K)
 Metaspace       used 20218K, capacity 21206K, committed 21296K, reserved 1067008K
  class space    used 2676K, capacity 2892K, committed 2944K, reserved 1048576K
}
Event: 2.583 GC heap after
{Heap after GC invocations=3 (full 0):
 garbage-first heap   total 262144K, used 14119K [0x00000007a0000000, 0x00000007a0100800, 0x00000007c0000000)
  region size 1024K, 4 young (4096K), 4 survivors (4096K)
 Metaspace       used 20218K, capacity 21206K, committed 21296K, reserved 1067008K
  class space    used 2676K, capacity 2892K, committed 2944K, reserved 1048576K
}
Event: 5.616 GC heap before
{Heap before GC invocations=4 (full 0):
 garbage-first heap   total 262144K, used 78631K [0x00000007a0000000, 0x00000007a0100800, 0x00000007c0000000)
  region size 1024K, 44 young (45056K), 4 survivors (4096K)
 Metaspace       used 30454K, capacity 31523K, committed 31868K, reserved 1077248K
  class space    used 4426K, capacity 4636K, committed 4736K, reserved 1048576K
}
Event: 5.627 GC heap after
{Heap after GC invocations=5 (full 0):
 garbage-first heap   total 262144K, used 45923K [0x00000007a0000000, 0x00000007a0100800, 0x00000007c0000000)
  region size 1024K, 6 young (6144K), 6 survivors (6144K)
 Metaspace       used 30454K, capacity 31523K, committed 31868K, reserved 1077248K
  class space    used 4426K, capacity 4636K, committed 4736K, reserved 1048576K
}
Event: 6.544 GC heap before
{Heap before GC invocations=5 (full 0):
 garbage-first heap   total 262144K, used 70499K [0x00000007a0000000, 0x00000007a0100800, 0x00000007c0000000)
  region size 1024K, 31 young (31744K), 6 survivors (6144K)
 Metaspace       used 34603K, capacity 35743K, committed 36048K, reserved 1081344K
  class space    used 4908K, capacity 5158K, committed 5248K, reserved 1048576K
}
Event: 6.554 GC heap after
{Heap after GC invocations=6 (full 0):
 garbage-first heap   total 262144K, used 33338K [0x00000007a0000000, 0x00000007a0100800, 0x00000007c0000000)
  region size 1024K, 7 young (7168K), 7 survivors (7168K)
 Metaspace       used 34603K, capacity 35743K, committed 36048K, reserved 1081344K
  class space    used 4908K, capacity 5158K, committed 5248K, reserved 1048576K
}
Event: 17.003 GC heap before
{Heap before GC invocations=7 (full 0):
 garbage-first heap   total 262144K, used 83514K [0x00000007a0000000, 0x00000007a0100800, 0x00000007c0000000)
  region size 1024K, 60 young (61440K), 7 survivors (7168K)
 Metaspace       used 37645K, capacity 38871K, committed 39292K, reserved 1083392K
  class space    used 5174K, capacity 5414K, committed 5504K, reserved 1048576K
}
Event: 17.015 GC heap after
{Heap after GC invocations=8 (full 0):
 garbage-first heap   total 262144K, used 45733K [0x00000007a0000000, 0x00000007a0100800, 0x00000007c0000000)
  region size 1024K, 8 young (8192K), 8 survivors (8192K)
 Metaspace       used 37645K, capacity 38871K, committed 39292K, reserved 1083392K
  class space    used 5174K, capacity 5414K, committed 5504K, reserved 1048576K
}

