# JRE version: Java(TM) SE Runtime Environment (9.0+11) (build 9.0.1+11)
# Java VM: Java HotSpot(TM) 64-Bit Server VM (9.0.1+11, mixed mode, tiered, compressed oops, g1 gc, bsd-amd64)
Heap:
 garbage-first heap   total 262144K, used 39225K [0x00000007a0000000, 0x00000007a0100800, 0x00000007c0000000)
  region size 1024K, 13 young (13312K), 11 survivors (11264K)
 Metaspace       used 36470K, capacity 37745K, committed 38144K, reserved 1083392K
  class space    used 4789K, capacity 5067K, committed 5120K, reserved 1048576K
GC Heap History (10 events):
Event: 2.398 GC heap before
{Heap before GC invocations=2 (full 0):
 garbage-first heap   total 262144K, used 20518K [0x00000007a0000000, 0x00000007a0100800, 0x00000007c0000000)
  region size 1024K, 11 young (11264K), 2 survivors (2048K)
 Metaspace       used 20193K, capacity 21198K, committed 21296K, reserved 1067008K
  class space    used 2676K, capacity 2892K, committed 2944K, reserved 1048576K
}
Event: 2.404 GC heap after
{Heap after GC invocations=3 (full 0):
 garbage-first heap   total 262144K, used 13903K [0x00000007a0000000, 0x00000007a0100800, 0x00000007c0000000)
  region size 1024K, 4 young (4096K), 4 survivors (4096K)
 Metaspace       used 20193K, capacity 21198K, committed 21296K, reserved 1067008K
  class space    used 2676K, capacity 2892K, committed 2944K, reserved 1048576K
}
Event: 5.391 GC heap before
{Heap before GC invocations=4 (full 0):
 garbage-first heap   total 262144K, used 79401K [0x00000007a0000000, 0x00000007a0100800, 0x00000007c0000000)
  region size 1024K, 45 young (46080K), 4 survivors (4096K)
 Metaspace       used 30528K, capacity 31631K, committed 32128K, reserved 1077248K
  class space    used 4134K, capacity 4356K, committed 4480K, reserved 1048576K
}
Event: 5.406 GC heap after
{Heap after GC invocations=5 (full 0):
 garbage-first heap   total 262144K, used 45126K [0x00000007a0000000, 0x00000007a0100800, 0x00000007c0000000)
  region size 1024K, 6 young (6144K), 6 survivors (6144K)
 Metaspace       used 30528K, capacity 31631K, committed 32128K, reserved 1077248K
  class space    used 4134K, capacity 4356K, committed 4480K, reserved 1048576K
}
Event: 6.237 GC heap before
{Heap before GC invocations=5 (full 0):
 garbage-first heap   total 262144K, used 65606K [0x00000007a0000000, 0x00000007a0100800, 0x00000007c0000000)
  region size 1024K, 27 young (27648K), 6 survivors (6144K)
 Metaspace       used 34237K, capacity 35411K, committed 35628K, reserved 1079296K
  class space    used 4637K, capacity 4900K, committed 4992K, reserved 1048576K
}
Event: 6.245 GC heap after
{Heap after GC invocations=6 (full 0):
 garbage-first heap   total 262144K, used 35898K [0x00000007a0000000, 0x00000007a0100800, 0x00000007c0000000)
  region size 1024K, 13 young (13312K), 13 survivors (13312K)
 Metaspace       used 34237K, capacity 35411K, committed 35628K, reserved 1079296K
  class space    used 4637K, capacity 4900K, committed 4992K, reserved 1048576K
}
Event: 20.725 GC heap before
{Heap before GC invocations=7 (full 0):
 garbage-first heap   total 262144K, used 87028K [0x00000007a0000000, 0x00000007a0100800, 0x00000007c0000000)
  region size 1024K, 66 young (67584K), 13 survivors (13312K)
 Metaspace       used 36173K, capacity 37403K, committed 37888K, reserved 1081344K
  class space    used 4769K, capacity 4998K, committed 5120K, reserved 1048576K
}
Event: 20.739 GC heap after
{Heap after GC invocations=8 (full 0):
 garbage-first heap   total 262144K, used 36334K [0x00000007a0000000, 0x00000007a0100800, 0x00000007c0000000)
  region size 1024K, 9 young (9216K), 9 survivors (9216K)
 Metaspace       used 36173K, capacity 37403K, committed 37888K, reserved 1081344K
  class space    used 4769K, capacity 4998K, committed 5120K, reserved 1048576K
}
Event: 53.369 GC heap before
{Heap before GC invocations=8 (full 0):
 garbage-first heap   total 262144K, used 123374K [0x00000007a0000000, 0x00000007a0100800, 0x00000007c0000000)
  region size 1024K, 95 young (97280K), 9 survivors (9216K)
 Metaspace       used 36397K, capacity 37649K, committed 37888K, reserved 1081344K
  class space    used 4783K, capacity 5035K, committed 5120K, reserved 1048576K
}
Event: 53.377 GC heap after
{Heap after GC invocations=9 (full 0):
 garbage-first heap   total 262144K, used 38201K [0x00000007a0000000, 0x00000007a0100800, 0x00000007c0000000)
  region size 1024K, 11 young (11264K), 11 survivors (11264K)
 Metaspace       used 36397K, capacity 37649K, committed 37888K, reserved 1081344K
  class space    used 4783K, capacity 5035K, committed 5120K, reserved 1048576K
}

