# JRE version: Java(TM) SE Runtime Environment (9.0+11) (build 9.0.1+11)
# Java VM: Java HotSpot(TM) 64-Bit Server VM (9.0.1+11, mixed mode, tiered, compressed oops, g1 gc, bsd-amd64)
Heap:
 garbage-first heap   total 116736K, used 36031K [0x00000007a0000000, 0x00000007a0100390, 0x00000007c0000000)
  region size 1024K, 2 young (2048K), 0 survivors (0K)
 Metaspace       used 37989K, capacity 39111K, committed 39544K, reserved 1083392K
  class space    used 4742K, capacity 4970K, committed 4984K, reserved 1048576K
GC Heap History (10 events):
Event: 80.938 GC heap before
{Heap before GC invocations=15 (full 0):
 garbage-first heap   total 262144K, used 189960K [0x00000007a0000000, 0x00000007a0100800, 0x00000007c0000000)
  region size 1024K, 153 young (156672K), 12 survivors (12288K)
 Metaspace       used 37786K, capacity 38893K, committed 39288K, reserved 1083392K
  class space    used 4725K, capacity 4965K, committed 4984K, reserved 1048576K
}
Event: 80.945 GC heap after
{Heap after GC invocations=16 (full 0):
 garbage-first heap   total 262144K, used 45816K [0x00000007a0000000, 0x00000007a0100800, 0x00000007c0000000)
  region size 1024K, 12 young (12288K), 12 survivors (12288K)
 Metaspace       used 37786K, capacity 38893K, committed 39288K, reserved 1083392K
  class space    used 4725K, capacity 4965K, committed 4984K, reserved 1048576K
}
Event: 88.563 GC heap before
{Heap before GC invocations=16 (full 0):
 garbage-first heap   total 262144K, used 190200K [0x00000007a0000000, 0x00000007a0100800, 0x00000007c0000000)
  region size 1024K, 153 young (156672K), 12 survivors (12288K)
 Metaspace       used 37803K, capacity 38957K, committed 39288K, reserved 1083392K
  class space    used 4725K, capacity 4965K, committed 4984K, reserved 1048576K
}
Event: 88.570 GC heap after
{Heap after GC invocations=17 (full 0):
 garbage-first heap   total 262144K, used 45909K [0x00000007a0000000, 0x00000007a0100800, 0x00000007c0000000)
  region size 1024K, 12 young (12288K), 12 survivors (12288K)
 Metaspace       used 37803K, capacity 38957K, committed 39288K, reserved 1083392K
  class space    used 4725K, capacity 4965K, committed 4984K, reserved 1048576K
}
Event: 97.110 GC heap before
{Heap before GC invocations=17 (full 0):
 garbage-first heap   total 262144K, used 190293K [0x00000007a0000000, 0x00000007a0100800, 0x00000007c0000000)
  region size 1024K, 153 young (156672K), 12 survivors (12288K)
 Metaspace       used 37803K, capacity 38957K, committed 39288K, reserved 1083392K
  class space    used 4725K, capacity 4965K, committed 4984K, reserved 1048576K
}
Event: 97.116 GC heap after
{Heap after GC invocations=18 (full 0):
 garbage-first heap   total 262144K, used 46165K [0x00000007a0000000, 0x00000007a0100800, 0x00000007c0000000)
  region size 1024K, 12 young (12288K), 12 survivors (12288K)
 Metaspace       used 37803K, capacity 38957K, committed 39288K, reserved 1083392K
  class space    used 4725K, capacity 4965K, committed 4984K, reserved 1048576K
}
Event: 105.556 GC heap before
{Heap before GC invocations=18 (full 0):
 garbage-first heap   total 262144K, used 190549K [0x00000007a0000000, 0x00000007a0100800, 0x00000007c0000000)
  region size 1024K, 153 young (156672K), 12 survivors (12288K)
 Metaspace       used 37827K, capacity 38957K, committed 39288K, reserved 1083392K
  class space    used 4725K, capacity 4965K, committed 4984K, reserved 1048576K
}
Event: 105.562 GC heap after
{Heap after GC invocations=19 (full 0):
 garbage-first heap   total 262144K, used 45644K [0x00000007a0000000, 0x00000007a0100800, 0x00000007c0000000)
  region size 1024K, 11 young (11264K), 11 survivors (11264K)
 Metaspace       used 37827K, capacity 38957K, committed 39288K, reserved 1083392K
  class space    used 4725K, capacity 4965K, committed 4984K, reserved 1048576K
}
Event: 108.744 GC heap before
{Heap before GC invocations=19 (full 0):
 garbage-first heap   total 262144K, used 95820K [0x00000007a0000000, 0x00000007a0100800, 0x00000007c0000000)
  region size 1024K, 61 young (62464K), 11 survivors (11264K)
 Metaspace       used 37920K, capacity 39103K, committed 39544K, reserved 1083392K
  class space    used 4739K, capacity 4968K, committed 4984K, reserved 1048576K
}
Event: 108.827 GC heap after
{Heap after GC invocations=20 (full 1):
 garbage-first heap   total 116736K, used 35007K [0x00000007a0000000, 0x00000007a0100390, 0x00000007c0000000)
  region size 1024K, 0 young (0K), 0 survivors (0K)
 Metaspace       used 37920K, capacity 39103K, committed 39544K, reserved 1083392K
  class space    used 4739K, capacity 4968K, committed 4984K, reserved 1048576K
}

