# JRE version: Java(TM) SE Runtime Environment (9.0+11) (build 9.0.1+11)
# Java VM: Java HotSpot(TM) 64-Bit Server VM (9.0.1+11, mixed mode, tiered, compressed oops, g1 gc, bsd-amd64)
Heap:
 garbage-first heap   total 120832K, used 36168K [0x00000007a0000000, 0x00000007a01003b0, 0x00000007c0000000)
  region size 1024K, 1 young (1024K), 0 survivors (0K)
 Metaspace       used 37376K, capacity 38527K, committed 38904K, reserved 1083392K
  class space    used 4751K, capacity 5006K, committed 5112K, reserved 1048576K
GC Heap History (10 events):
Event: 7.197 GC heap before
{Heap before GC invocations=5 (full 0):
 garbage-first heap   total 262144K, used 69047K [0x00000007a0000000, 0x00000007a0100800, 0x00000007c0000000)
  region size 1024K, 29 young (29696K), 6 survivors (6144K)
 Metaspace       used 34304K, capacity 35415K, committed 35584K, reserved 1079296K
  class space    used 4605K, capacity 4836K, committed 4864K, reserved 1048576K
}
Event: 7.209 GC heap after
{Heap after GC invocations=6 (full 0):
 garbage-first heap   total 262144K, used 39405K [0x00000007a0000000, 0x00000007a0100800, 0x00000007c0000000)
  region size 1024K, 9 young (9216K), 9 survivors (9216K)
 Metaspace       used 34304K, capacity 35415K, committed 35584K, reserved 1079296K
  class space    used 4605K, capacity 4836K, committed 4864K, reserved 1048576K
}
Event: 11.218 GC heap before
{Heap before GC invocations=7 (full 0):
 garbage-first heap   total 262144K, used 86509K [0x00000007a0000000, 0x00000007a0100800, 0x00000007c0000000)
  region size 1024K, 58 young (59392K), 9 survivors (9216K)
 Metaspace       used 36296K, capacity 37491K, committed 37752K, reserved 1081344K
  class space    used 4728K, capacity 4966K, committed 4984K, reserved 1048576K
}
Event: 11.229 GC heap after
{Heap after GC invocations=8 (full 0):
 garbage-first heap   total 262144K, used 41164K [0x00000007a0000000, 0x00000007a0100800, 0x00000007c0000000)
  region size 1024K, 8 young (8192K), 8 survivors (8192K)
 Metaspace       used 36296K, capacity 37491K, committed 37752K, reserved 1081344K
  class space    used 4728K, capacity 4966K, committed 4984K, reserved 1048576K
}
Event: 25.375 GC heap before
{Heap before GC invocations=9 (full 0):
 garbage-first heap   total 262144K, used 182476K [0x00000007a0000000, 0x00000007a0100800, 0x00000007c0000000)
  region size 1024K, 146 young (149504K), 8 survivors (8192K)
 Metaspace       used 36991K, capacity 38131K, committed 38520K, reserved 1083392K
  class space    used 4731K, capacity 4966K, committed 4984K, reserved 1048576K
}
Event: 25.387 GC heap after
{Heap after GC invocations=10 (full 0):
 garbage-first heap   total 262144K, used 47308K [0x00000007a0000000, 0x00000007a0100800, 0x00000007c0000000)
  region size 1024K, 14 young (14336K), 14 survivors (14336K)
 Metaspace       used 36991K, capacity 38131K, committed 38520K, reserved 1083392K
  class space    used 4731K, capacity 4966K, committed 4984K, reserved 1048576K
}
Event: 39.223 GC heap before
{Heap before GC invocations=10 (full 0):
 garbage-first heap   total 262144K, used 183500K [0x00000007a0000000, 0x00000007a0100800, 0x00000007c0000000)
  region size 1024K, 147 young (150528K), 14 survivors (14336K)
 Metaspace       used 37125K, capacity 38259K, committed 38520K, reserved 1083392K
  class space    used 4731K, capacity 4966K, committed 4984K, reserved 1048576K
}
Event: 39.227 GC heap after
{Heap after GC invocations=11 (full 0):
 garbage-first heap   total 262144K, used 48290K [0x00000007a0000000, 0x00000007a0100800, 0x00000007c0000000)
  region size 1024K, 11 young (11264K), 11 survivors (11264K)
 Metaspace       used 37125K, capacity 38259K, committed 38520K, reserved 1083392K
  class space    used 4731K, capacity 4966K, committed 4984K, reserved 1048576K
}
Event: 48.699 GC heap before
{Heap before GC invocations=11 (full 0):
 garbage-first heap   total 262144K, used 152738K [0x00000007a0000000, 0x00000007a0100800, 0x00000007c0000000)
  region size 1024K, 114 young (116736K), 11 survivors (11264K)
 Metaspace       used 37327K, capacity 38525K, committed 38904K, reserved 1083392K
  class space    used 4747K, capacity 5005K, committed 5112K, reserved 1048576K
}
Event: 48.789 GC heap after
{Heap after GC invocations=12 (full 1):
 garbage-first heap   total 120832K, used 36168K [0x00000007a0000000, 0x00000007a01003b0, 0x00000007c0000000)
  region size 1024K, 0 young (0K), 0 survivors (0K)
 Metaspace       used 37327K, capacity 38525K, committed 38904K, reserved 1083392K
  class space    used 4747K, capacity 5005K, committed 5112K, reserved 1048576K
}

