# JRE version: Java(TM) SE Runtime Environment (9.0+11) (build 9.0.1+11)
# Java VM: Java HotSpot(TM) 64-Bit Server VM (9.0.1+11, mixed mode, tiered, compressed oops, g1 gc, bsd-amd64)
Heap:
 garbage-first heap   total 174080K, used 56107K [0x00000007a0000000, 0x00000007a0100550, 0x00000007c0000000)
  region size 1024K, 5 young (5120K), 0 survivors (0K)
 Metaspace       used 37971K, capacity 39189K, committed 39680K, reserved 1083392K
  class space    used 4724K, capacity 4997K, committed 5120K, reserved 1048576K
GC Heap History (10 events):
Event: 62.374 GC heap before
{Heap before GC invocations=40 (full 0):
 garbage-first heap   total 262144K, used 216321K [0x00000007a0000000, 0x00000007a0100800, 0x00000007c0000000)
  region size 1024K, 103 young (105472K), 9 survivors (9216K)
 Metaspace       used 37270K, capacity 38475K, committed 38784K, reserved 1083392K
  class space    used 4626K, capacity 4870K, committed 4992K, reserved 1048576K
}
Event: 62.383 GC heap after
{Heap after GC invocations=41 (full 0):
 garbage-first heap   total 262144K, used 119649K [0x00000007a0000000, 0x00000007a0100800, 0x00000007c0000000)
  region size 1024K, 8 young (8192K), 8 survivors (8192K)
 Metaspace       used 37270K, capacity 38475K, committed 38784K, reserved 1083392K
  class space    used 4626K, capacity 4870K, committed 4992K, reserved 1048576K
}
Event: 62.420 GC heap before
{Heap before GC invocations=41 (full 0):
 garbage-first heap   total 262144K, used 123745K [0x00000007a0000000, 0x00000007a0100800, 0x00000007c0000000)
  region size 1024K, 12 young (12288K), 8 survivors (8192K)
 Metaspace       used 37270K, capacity 38475K, committed 38784K, reserved 1083392K
  class space    used 4626K, capacity 4870K, committed 4992K, reserved 1048576K
}
Event: 62.426 GC heap after
{Heap after GC invocations=42 (full 0):
 garbage-first heap   total 262144K, used 93029K [0x00000007a0000000, 0x00000007a0100800, 0x00000007c0000000)
  region size 1024K, 1 young (1024K), 1 survivors (1024K)
 Metaspace       used 37270K, capacity 38475K, committed 38784K, reserved 1083392K
  class space    used 4626K, capacity 4870K, committed 4992K, reserved 1048576K
}
Event: 62.539 GC heap before
{Heap before GC invocations=42 (full 0):
 garbage-first heap   total 262144K, used 104293K [0x00000007a0000000, 0x00000007a0100800, 0x00000007c0000000)
  region size 1024K, 13 young (13312K), 1 survivors (1024K)
 Metaspace       used 37270K, capacity 38475K, committed 38784K, reserved 1083392K
  class space    used 4626K, capacity 4870K, committed 4992K, reserved 1048576K
}
Event: 62.545 GC heap after
{Heap after GC invocations=43 (full 0):
 garbage-first heap   total 262144K, used 68972K [0x00000007a0000000, 0x00000007a0100800, 0x00000007c0000000)
  region size 1024K, 1 young (1024K), 1 survivors (1024K)
 Metaspace       used 37270K, capacity 38475K, committed 38784K, reserved 1083392K
  class space    used 4626K, capacity 4870K, committed 4992K, reserved 1048576K
}
Event: 62.640 GC heap before
{Heap before GC invocations=43 (full 0):
 garbage-first heap   total 262144K, used 80236K [0x00000007a0000000, 0x00000007a0100800, 0x00000007c0000000)
  region size 1024K, 12 young (12288K), 1 survivors (1024K)
 Metaspace       used 37270K, capacity 38475K, committed 38784K, reserved 1083392K
  class space    used 4626K, capacity 4870K, committed 4992K, reserved 1048576K
}
Event: 62.644 GC heap after
{Heap after GC invocations=44 (full 0):
 garbage-first heap   total 262144K, used 68697K [0x00000007a0000000, 0x00000007a0100800, 0x00000007c0000000)
  region size 1024K, 1 young (1024K), 1 survivors (1024K)
 Metaspace       used 37270K, capacity 38475K, committed 38784K, reserved 1083392K
  class space    used 4626K, capacity 4870K, committed 4992K, reserved 1048576K
}
Event: 80.493 GC heap before
{Heap before GC invocations=44 (full 0):
 garbage-first heap   total 262144K, used 193625K [0x00000007a0000000, 0x00000007a0100800, 0x00000007c0000000)
  region size 1024K, 124 young (126976K), 1 survivors (1024K)
 Metaspace       used 37913K, capacity 39125K, committed 39424K, reserved 1083392K
  class space    used 4720K, capacity 4997K, committed 5120K, reserved 1048576K
}
Event: 80.612 GC heap after
{Heap after GC invocations=45 (full 1):
 garbage-first heap   total 174080K, used 52011K [0x00000007a0000000, 0x00000007a0100550, 0x00000007c0000000)
  region size 1024K, 0 young (0K), 0 survivors (0K)
 Metaspace       used 37913K, capacity 39125K, committed 39424K, reserved 1083392K
  class space    used 4720K, capacity 4997K, committed 5120K, reserved 1048576K
}

