# JRE version: Java(TM) SE Runtime Environment (9.0+11) (build 9.0.1+11)
# Java VM: Java HotSpot(TM) 64-Bit Server VM (9.0.1+11, mixed mode, tiered, compressed oops, g1 gc, bsd-amd64)
Heap:
 garbage-first heap   total 126976K, used 38908K [0x00000007a0000000, 0x00000007a01003e0, 0x00000007c0000000)
  region size 1024K, 2 young (2048K), 0 survivors (0K)
 Metaspace       used 38119K, capacity 39339K, committed 39596K, reserved 1083392K
  class space    used 5214K, capacity 5486K, committed 5548K, reserved 1048576K
GC Heap History (10 events):
Event: 2.470 GC heap before
{Heap before GC invocations=2 (full 0):
 garbage-first heap   total 262144K, used 20447K [0x00000007a0000000, 0x00000007a0100800, 0x00000007c0000000)
  region size 1024K, 11 young (11264K), 2 survivors (2048K)
 Metaspace       used 20151K, capacity 21206K, committed 21296K, reserved 1067008K
  class space    used 2670K, capacity 2892K, committed 2944K, reserved 1048576K
}
Event: 2.481 GC heap after
{Heap after GC invocations=3 (full 0):
 garbage-first heap   total 262144K, used 13888K [0x00000007a0000000, 0x00000007a0100800, 0x00000007c0000000)
  region size 1024K, 4 young (4096K), 4 survivors (4096K)
 Metaspace       used 20151K, capacity 21206K, committed 21296K, reserved 1067008K
  class space    used 2670K, capacity 2892K, committed 2944K, reserved 1048576K
}
Event: 5.888 GC heap before
{Heap before GC invocations=4 (full 0):
 garbage-first heap   total 262144K, used 78400K [0x00000007a0000000, 0x00000007a0100800, 0x00000007c0000000)
  region size 1024K, 44 young (45056K), 4 survivors (4096K)
 Metaspace       used 30235K, capacity 31325K, committed 31616K, reserved 1077248K
  class space    used 4414K, capacity 4635K, committed 4736K, reserved 1048576K
}
Event: 5.899 GC heap after
{Heap after GC invocations=5 (full 0):
 garbage-first heap   total 262144K, used 46248K [0x00000007a0000000, 0x00000007a0100800, 0x00000007c0000000)
  region size 1024K, 6 young (6144K), 6 survivors (6144K)
 Metaspace       used 30235K, capacity 31325K, committed 31616K, reserved 1077248K
  class space    used 4414K, capacity 4635K, committed 4736K, reserved 1048576K
}
Event: 6.732 GC heap before
{Heap before GC invocations=5 (full 0):
 garbage-first heap   total 262144K, used 69800K [0x00000007a0000000, 0x00000007a0100800, 0x00000007c0000000)
  region size 1024K, 30 young (30720K), 6 survivors (6144K)
 Metaspace       used 34256K, capacity 35379K, committed 35628K, reserved 1079296K
  class space    used 4882K, capacity 5124K, committed 5164K, reserved 1048576K
}
Event: 6.741 GC heap after
{Heap after GC invocations=6 (full 0):
 garbage-first heap   total 262144K, used 36764K [0x00000007a0000000, 0x00000007a0100800, 0x00000007c0000000)
  region size 1024K, 11 young (11264K), 11 survivors (11264K)
 Metaspace       used 34256K, capacity 35379K, committed 35628K, reserved 1079296K
  class space    used 4882K, capacity 5124K, committed 5164K, reserved 1048576K
}
Event: 13.388 GC heap before
{Heap before GC invocations=7 (full 0):
 garbage-first heap   total 262144K, used 83868K [0x00000007a0000000, 0x00000007a0100800, 0x00000007c0000000)
  region size 1024K, 63 young (64512K), 11 survivors (11264K)
 Metaspace       used 37801K, capacity 39029K, committed 39340K, reserved 1083392K
  class space    used 5194K, capacity 5449K, committed 5548K, reserved 1048576K
}
Event: 13.400 GC heap after
{Heap after GC invocations=8 (full 0):
 garbage-first heap   total 262144K, used 43797K [0x00000007a0000000, 0x00000007a0100800, 0x00000007c0000000)
  region size 1024K, 8 young (8192K), 8 survivors (8192K)
 Metaspace       used 37801K, capacity 39029K, committed 39340K, reserved 1083392K
  class space    used 5194K, capacity 5449K, committed 5548K, reserved 1048576K
}
Event: 18.819 GC heap before
{Heap before GC invocations=8 (full 0):
 garbage-first heap   total 262144K, used 57109K [0x00000007a0000000, 0x00000007a0100800, 0x00000007c0000000)
  region size 1024K, 22 young (22528K), 8 survivors (8192K)
 Metaspace       used 38025K, capacity 39243K, committed 39596K, reserved 1083392K
  class space    used 5209K, capacity 5454K, committed 5548K, reserved 1048576K
}
Event: 18.885 GC heap after
{Heap after GC invocations=9 (full 1):
 garbage-first heap   total 126976K, used 37884K [0x00000007a0000000, 0x00000007a01003e0, 0x00000007c0000000)
  region size 1024K, 0 young (0K), 0 survivors (0K)
 Metaspace       used 38025K, capacity 39243K, committed 39596K, reserved 1083392K
  class space    used 5209K, capacity 5454K, committed 5548K, reserved 1048576K
}

