# JRE version: Java(TM) SE Runtime Environment (9.0+11) (build 9.0.1+11)
# Java VM: Java HotSpot(TM) 64-Bit Server VM (9.0.1+11, mixed mode, tiered, compressed oops, g1 gc, bsd-amd64)
Heap:
 garbage-first heap   total 121856K, used 36442K [0x00000007a0000000, 0x00000007a01003b8, 0x00000007c0000000)
  region size 1024K, 1 young (1024K), 0 survivors (0K)
 Metaspace       used 37935K, capacity 39097K, committed 39416K, reserved 1083392K
  class space    used 4747K, capacity 5005K, committed 5112K, reserved 1048576K
GC Heap History (10 events):
Event: 358.305 GC heap before
{Heap before GC invocations=27 (full 0):
 garbage-first heap   total 262144K, used 194627K [0x00000007a0000000, 0x00000007a0100800, 0x00000007c0000000)
  region size 1024K, 153 young (156672K), 10 survivors (10240K)
 Metaspace       used 37771K, capacity 38919K, committed 39288K, reserved 1083392K
  class space    used 4731K, capacity 4970K, committed 4984K, reserved 1048576K
}
Event: 358.309 GC heap after
{Heap after GC invocations=28 (full 0):
 garbage-first heap   total 262144K, used 48207K [0x00000007a0000000, 0x00000007a0100800, 0x00000007c0000000)
  region size 1024K, 10 young (10240K), 10 survivors (10240K)
 Metaspace       used 37771K, capacity 38919K, committed 39288K, reserved 1083392K
  class space    used 4731K, capacity 4970K, committed 4984K, reserved 1048576K
}
Event: 377.257 GC heap before
{Heap before GC invocations=28 (full 0):
 garbage-first heap   total 262144K, used 194639K [0x00000007a0000000, 0x00000007a0100800, 0x00000007c0000000)
  region size 1024K, 153 young (156672K), 10 survivors (10240K)
 Metaspace       used 37779K, capacity 38919K, committed 39288K, reserved 1083392K
  class space    used 4731K, capacity 4970K, committed 4984K, reserved 1048576K
}
Event: 377.263 GC heap after
{Heap after GC invocations=29 (full 0):
 garbage-first heap   total 262144K, used 48214K [0x00000007a0000000, 0x00000007a0100800, 0x00000007c0000000)
  region size 1024K, 10 young (10240K), 10 survivors (10240K)
 Metaspace       used 37779K, capacity 38919K, committed 39288K, reserved 1083392K
  class space    used 4731K, capacity 4970K, committed 4984K, reserved 1048576K
}
Event: 396.061 GC heap before
{Heap before GC invocations=29 (full 0):
 garbage-first heap   total 262144K, used 194646K [0x00000007a0000000, 0x00000007a0100800, 0x00000007c0000000)
  region size 1024K, 153 young (156672K), 10 survivors (10240K)
 Metaspace       used 37782K, capacity 38983K, committed 39288K, reserved 1083392K
  class space    used 4731K, capacity 4970K, committed 4984K, reserved 1048576K
}
Event: 396.066 GC heap after
{Heap after GC invocations=30 (full 0):
 garbage-first heap   total 262144K, used 47779K [0x00000007a0000000, 0x00000007a0100800, 0x00000007c0000000)
  region size 1024K, 10 young (10240K), 10 survivors (10240K)
 Metaspace       used 37782K, capacity 38983K, committed 39288K, reserved 1083392K
  class space    used 4731K, capacity 4970K, committed 4984K, reserved 1048576K
}
Event: 414.077 GC heap before
{Heap before GC invocations=30 (full 0):
 garbage-first heap   total 262144K, used 194211K [0x00000007a0000000, 0x00000007a0100800, 0x00000007c0000000)
  region size 1024K, 153 young (156672K), 10 survivors (10240K)
 Metaspace       used 37849K, capacity 39047K, committed 39288K, reserved 1083392K
  class space    used 4732K, capacity 4970K, committed 4984K, reserved 1048576K
}
Event: 414.082 GC heap after
{Heap after GC invocations=31 (full 0):
 garbage-first heap   total 262144K, used 48231K [0x00000007a0000000, 0x00000007a0100800, 0x00000007c0000000)
  region size 1024K, 10 young (10240K), 10 survivors (10240K)
 Metaspace       used 37849K, capacity 39047K, committed 39288K, reserved 1083392K
  class space    used 4732K, capacity 4970K, committed 4984K, reserved 1048576K
}
Event: 416.573 GC heap before
{Heap before GC invocations=31 (full 0):
 garbage-first heap   total 262144K, used 69735K [0x00000007a0000000, 0x00000007a0100800, 0x00000007c0000000)
  region size 1024K, 32 young (32768K), 10 survivors (10240K)
 Metaspace       used 37898K, capacity 39097K, committed 39416K, reserved 1083392K
  class space    used 4743K, capacity 5005K, committed 5112K, reserved 1048576K
}
Event: 416.652 GC heap after
{Heap after GC invocations=32 (full 1):
 garbage-first heap   total 121856K, used 36442K [0x00000007a0000000, 0x00000007a01003b8, 0x00000007c0000000)
  region size 1024K, 0 young (0K), 0 survivors (0K)
 Metaspace       used 37898K, capacity 39097K, committed 39416K, reserved 1083392K
  class space    used 4743K, capacity 5005K, committed 5112K, reserved 1048576K
}

