# JRE version: Java(TM) SE Runtime Environment (9.0+11) (build 9.0.1+11)
# Java VM: Java HotSpot(TM) 64-Bit Server VM (9.0.1+11, mixed mode, tiered, compressed oops, g1 gc, bsd-amd64)
Heap:
 garbage-first heap   total 111616K, used 34357K [0x00000007a0000000, 0x00000007a0100368, 0x00000007c0000000)
  region size 1024K, 2 young (2048K), 0 survivors (0K)
 Metaspace       used 36878K, capacity 38083K, committed 38528K, reserved 1083392K
  class space    used 4651K, capacity 4906K, committed 4992K, reserved 1048576K
GC Heap History (10 events):
Event: 4.816 GC heap before
{Heap before GC invocations=4 (full 0):
 garbage-first heap   total 262144K, used 81735K [0x00000007a0000000, 0x00000007a0100800, 0x00000007c0000000)
  region size 1024K, 47 young (48128K), 4 survivors (4096K)
 Metaspace       used 30459K, capacity 31581K, committed 31744K, reserved 1077248K
  class space    used 4083K, capacity 4315K, committed 4352K, reserved 1048576K
}
Event: 4.829 GC heap after
{Heap after GC invocations=5 (full 0):
 garbage-first heap   total 262144K, used 45280K [0x00000007a0000000, 0x00000007a0100800, 0x00000007c0000000)
  region size 1024K, 6 young (6144K), 6 survivors (6144K)
 Metaspace       used 30459K, capacity 31581K, committed 31744K, reserved 1077248K
  class space    used 4083K, capacity 4315K, committed 4352K, reserved 1048576K
}
Event: 5.288 GC heap before
{Heap before GC invocations=5 (full 0):
 garbage-first heap   total 262144K, used 63712K [0x00000007a0000000, 0x00000007a0100800, 0x00000007c0000000)
  region size 1024K, 25 young (25600K), 6 survivors (6144K)
 Metaspace       used 34218K, capacity 35379K, committed 35584K, reserved 1079296K
  class space    used 4548K, capacity 4804K, committed 4864K, reserved 1048576K
}
Event: 5.297 GC heap after
{Heap after GC invocations=6 (full 0):
 garbage-first heap   total 262144K, used 36508K [0x00000007a0000000, 0x00000007a0100800, 0x00000007c0000000)
  region size 1024K, 14 young (14336K), 14 survivors (14336K)
 Metaspace       used 34218K, capacity 35379K, committed 35584K, reserved 1079296K
  class space    used 4548K, capacity 4804K, committed 4864K, reserved 1048576K
}
Event: 11.439 GC heap before
{Heap before GC invocations=7 (full 0):
 garbage-first heap   total 262144K, used 84412K [0x00000007a0000000, 0x00000007a0100800, 0x00000007c0000000)
  region size 1024K, 64 young (65536K), 14 survivors (14336K)
 Metaspace       used 36153K, capacity 37327K, committed 37760K, reserved 1081344K
  class space    used 4634K, capacity 4870K, committed 4992K, reserved 1048576K
}
Event: 11.450 GC heap after
{Heap after GC invocations=8 (full 0):
 garbage-first heap   total 262144K, used 36058K [0x00000007a0000000, 0x00000007a0100800, 0x00000007c0000000)
  region size 1024K, 8 young (8192K), 8 survivors (8192K)
 Metaspace       used 36153K, capacity 37327K, committed 37760K, reserved 1081344K
  class space    used 4634K, capacity 4870K, committed 4992K, reserved 1048576K
}
Event: 30.016 GC heap before
{Heap before GC invocations=8 (full 0):
 garbage-first heap   total 262144K, used 183514K [0x00000007a0000000, 0x00000007a0100800, 0x00000007c0000000)
  region size 1024K, 152 young (155648K), 8 survivors (8192K)
 Metaspace       used 36767K, capacity 37903K, committed 38272K, reserved 1083392K
  class space    used 4635K, capacity 4870K, committed 4992K, reserved 1048576K
}
Event: 30.027 GC heap after
{Heap after GC invocations=9 (full 0):
 garbage-first heap   total 262144K, used 40154K [0x00000007a0000000, 0x00000007a0100800, 0x00000007c0000000)
  region size 1024K, 12 young (12288K), 12 survivors (12288K)
 Metaspace       used 36767K, capacity 37903K, committed 38272K, reserved 1083392K
  class space    used 4635K, capacity 4870K, committed 4992K, reserved 1048576K
}
Event: 32.678 GC heap before
{Heap before GC invocations=9 (full 0):
 garbage-first heap   total 262144K, used 60634K [0x00000007a0000000, 0x00000007a0100800, 0x00000007c0000000)
  region size 1024K, 33 young (33792K), 12 survivors (12288K)
 Metaspace       used 36849K, capacity 38017K, committed 38272K, reserved 1083392K
  class space    used 4649K, capacity 4905K, committed 4992K, reserved 1048576K
}
Event: 32.746 GC heap after
{Heap after GC invocations=10 (full 1):
 garbage-first heap   total 111616K, used 33333K [0x00000007a0000000, 0x00000007a0100368, 0x00000007c0000000)
  region size 1024K, 0 young (0K), 0 survivors (0K)
 Metaspace       used 36849K, capacity 38017K, committed 38272K, reserved 1083392K
  class space    used 4649K, capacity 4905K, committed 4992K, reserved 1048576K
}

