# JRE version: Java(TM) SE Runtime Environment (9.0+11) (build 9.0.1+11)
# Java VM: Java HotSpot(TM) 64-Bit Server VM (9.0.1+11, mixed mode, tiered, compressed oops, g1 gc, bsd-amd64)
Heap:
 garbage-first heap   total 262144K, used 44679K [0x00000007a0000000, 0x00000007a0100800, 0x00000007c0000000)
  region size 1024K, 12 young (12288K), 10 survivors (10240K)
 Metaspace       used 36361K, capacity 37593K, committed 37752K, reserved 1081344K
  class space    used 4733K, capacity 4971K, committed 4984K, reserved 1048576K
GC Heap History (10 events):
Event: 4.861 GC heap before
{Heap before GC invocations=4 (full 0):
 garbage-first heap   total 262144K, used 81451K [0x00000007a0000000, 0x00000007a0100800, 0x00000007c0000000)
  region size 1024K, 47 young (48128K), 4 survivors (4096K)
 Metaspace       used 30625K, capacity 31735K, committed 32000K, reserved 1077248K
  class space    used 4102K, capacity 4324K, committed 4352K, reserved 1048576K
}
Event: 4.874 GC heap after
{Heap after GC invocations=5 (full 0):
 garbage-first heap   total 262144K, used 45398K [0x00000007a0000000, 0x00000007a0100800, 0x00000007c0000000)
  region size 1024K, 6 young (6144K), 6 survivors (6144K)
 Metaspace       used 30625K, capacity 31735K, committed 32000K, reserved 1077248K
  class space    used 4102K, capacity 4324K, committed 4352K, reserved 1048576K
}
Event: 5.224 GC heap before
{Heap before GC invocations=5 (full 0):
 garbage-first heap   total 262144K, used 63830K [0x00000007a0000000, 0x00000007a0100800, 0x00000007c0000000)
  region size 1024K, 25 young (25600K), 6 survivors (6144K)
 Metaspace       used 34261K, capacity 35419K, committed 35584K, reserved 1079296K
  class space    used 4582K, capacity 4836K, committed 4864K, reserved 1048576K
}
Event: 5.233 GC heap after
{Heap after GC invocations=6 (full 0):
 garbage-first heap   total 262144K, used 36016K [0x00000007a0000000, 0x00000007a0100800, 0x00000007c0000000)
  region size 1024K, 13 young (13312K), 13 survivors (13312K)
 Metaspace       used 34261K, capacity 35419K, committed 35584K, reserved 1079296K
  class space    used 4582K, capacity 4836K, committed 4864K, reserved 1048576K
}
Event: 19.017 GC heap before
{Heap before GC invocations=7 (full 0):
 garbage-first heap   total 262144K, used 83802K [0x00000007a0000000, 0x00000007a0100800, 0x00000007c0000000)
  region size 1024K, 63 young (64512K), 13 survivors (13312K)
 Metaspace       used 35978K, capacity 37187K, committed 37496K, reserved 1081344K
  class space    used 4712K, capacity 4966K, committed 4984K, reserved 1048576K
}
Event: 19.030 GC heap after
{Heap after GC invocations=8 (full 0):
 garbage-first heap   total 262144K, used 39697K [0x00000007a0000000, 0x00000007a0100800, 0x00000007c0000000)
  region size 1024K, 8 young (8192K), 8 survivors (8192K)
 Metaspace       used 35978K, capacity 37187K, committed 37496K, reserved 1081344K
  class space    used 4712K, capacity 4966K, committed 4984K, reserved 1048576K
}
Event: 65.774 GC heap before
{Heap before GC invocations=8 (full 0):
 garbage-first heap   total 262144K, used 185105K [0x00000007a0000000, 0x00000007a0100800, 0x00000007c0000000)
  region size 1024K, 150 young (153600K), 8 survivors (8192K)
 Metaspace       used 36111K, capacity 37315K, committed 37496K, reserved 1081344K
  class space    used 4713K, capacity 4966K, committed 4984K, reserved 1048576K
}
Event: 65.783 GC heap after
{Heap after GC invocations=9 (full 0):
 garbage-first heap   total 262144K, used 43200K [0x00000007a0000000, 0x00000007a0100800, 0x00000007c0000000)
  region size 1024K, 12 young (12288K), 12 survivors (12288K)
 Metaspace       used 36111K, capacity 37315K, committed 37496K, reserved 1081344K
  class space    used 4713K, capacity 4966K, committed 4984K, reserved 1048576K
}
Event: 89.806 GC heap before
{Heap before GC invocations=9 (full 0):
 garbage-first heap   total 262144K, used 114880K [0x00000007a0000000, 0x00000007a0100800, 0x00000007c0000000)
  region size 1024K, 83 young (84992K), 12 survivors (12288K)
 Metaspace       used 36276K, capacity 37529K, committed 37752K, reserved 1081344K
  class space    used 4728K, capacity 4971K, committed 4984K, reserved 1048576K
}
Event: 89.811 GC heap after
{Heap after GC invocations=10 (full 0):
 garbage-first heap   total 262144K, used 43655K [0x00000007a0000000, 0x00000007a0100800, 0x00000007c0000000)
  region size 1024K, 10 young (10240K), 10 survivors (10240K)
 Metaspace       used 36276K, capacity 37529K, committed 37752K, reserved 1081344K
  class space    used 4728K, capacity 4971K, committed 4984K, reserved 1048576K
}

