# JRE version: Java(TM) SE Runtime Environment (9.0+11) (build 9.0.1+11)
# Java VM: Java HotSpot(TM) 64-Bit Server VM (9.0.1+11, mixed mode, tiered, compressed oops, g1 gc, bsd-amd64)
Heap:
 garbage-first heap   total 111616K, used 34484K [0x00000007a0000000, 0x00000007a0100368, 0x00000007c0000000)
  region size 1024K, 2 young (2048K), 0 survivors (0K)
 Metaspace       used 36353K, capacity 37585K, committed 37752K, reserved 1081344K
  class space    used 4733K, capacity 4971K, committed 4984K, reserved 1048576K
GC Heap History (10 events):
Event: 2.385 GC heap before
{Heap before GC invocations=2 (full 0):
 garbage-first heap   total 262144K, used 20589K [0x00000007a0000000, 0x00000007a0100800, 0x00000007c0000000)
  region size 1024K, 11 young (11264K), 2 survivors (2048K)
 Metaspace       used 20194K, capacity 21206K, committed 21296K, reserved 1067008K
  class space    used 2674K, capacity 2892K, committed 2944K, reserved 1048576K
}
Event: 2.390 GC heap after
{Heap after GC invocations=3 (full 0):
 garbage-first heap   total 262144K, used 14094K [0x00000007a0000000, 0x00000007a0100800, 0x00000007c0000000)
  region size 1024K, 4 young (4096K), 4 survivors (4096K)
 Metaspace       used 20194K, capacity 21206K, committed 21296K, reserved 1067008K
  class space    used 2674K, capacity 2892K, committed 2944K, reserved 1048576K
}
Event: 7.105 GC heap before
{Heap before GC invocations=4 (full 0):
 garbage-first heap   total 262144K, used 81678K [0x00000007a0000000, 0x00000007a0100800, 0x00000007c0000000)
  region size 1024K, 47 young (48128K), 4 survivors (4096K)
 Metaspace       used 30391K, capacity 31511K, committed 31744K, reserved 1077248K
  class space    used 4066K, capacity 4292K, committed 4352K, reserved 1048576K
}
Event: 7.115 GC heap after
{Heap after GC invocations=5 (full 0):
 garbage-first heap   total 262144K, used 47202K [0x00000007a0000000, 0x00000007a0100800, 0x00000007c0000000)
  region size 1024K, 6 young (6144K), 6 survivors (6144K)
 Metaspace       used 30391K, capacity 31511K, committed 31744K, reserved 1077248K
  class space    used 4066K, capacity 4292K, committed 4352K, reserved 1048576K
}
Event: 7.923 GC heap before
{Heap before GC invocations=5 (full 0):
 garbage-first heap   total 262144K, used 71778K [0x00000007a0000000, 0x00000007a0100800, 0x00000007c0000000)
  region size 1024K, 31 young (31744K), 6 survivors (6144K)
 Metaspace       used 34257K, capacity 35419K, committed 35584K, reserved 1079296K
  class space    used 4580K, capacity 4836K, committed 4864K, reserved 1048576K
}
Event: 7.935 GC heap after
{Heap after GC invocations=6 (full 0):
 garbage-first heap   total 262144K, used 39973K [0x00000007a0000000, 0x00000007a0100800, 0x00000007c0000000)
  region size 1024K, 15 young (15360K), 15 survivors (15360K)
 Metaspace       used 34257K, capacity 35419K, committed 35584K, reserved 1079296K
  class space    used 4580K, capacity 4836K, committed 4864K, reserved 1048576K
}
Event: 22.479 GC heap before
{Heap before GC invocations=7 (full 0):
 garbage-first heap   total 262144K, used 90050K [0x00000007a0000000, 0x00000007a0100800, 0x00000007c0000000)
  region size 1024K, 67 young (68608K), 15 survivors (15360K)
 Metaspace       used 36038K, capacity 37243K, committed 37496K, reserved 1081344K
  class space    used 4713K, capacity 4966K, committed 4984K, reserved 1048576K
}
Event: 22.491 GC heap after
{Heap after GC invocations=8 (full 0):
 garbage-first heap   total 262144K, used 40702K [0x00000007a0000000, 0x00000007a0100800, 0x00000007c0000000)
  region size 1024K, 9 young (9216K), 9 survivors (9216K)
 Metaspace       used 36038K, capacity 37243K, committed 37496K, reserved 1081344K
  class space    used 4713K, capacity 4966K, committed 4984K, reserved 1048576K
}
Event: 41.101 GC heap before
{Heap before GC invocations=8 (full 0):
 garbage-first heap   total 262144K, used 87806K [0x00000007a0000000, 0x00000007a0100800, 0x00000007c0000000)
  region size 1024K, 56 young (57344K), 9 survivors (9216K)
 Metaspace       used 36269K, capacity 37521K, committed 37752K, reserved 1081344K
  class space    used 4727K, capacity 4971K, committed 4984K, reserved 1048576K
}
Event: 41.163 GC heap after
{Heap after GC invocations=9 (full 1):
 garbage-first heap   total 111616K, used 33460K [0x00000007a0000000, 0x00000007a0100368, 0x00000007c0000000)
  region size 1024K, 0 young (0K), 0 survivors (0K)
 Metaspace       used 36269K, capacity 37521K, committed 37752K, reserved 1081344K
  class space    used 4727K, capacity 4971K, committed 4984K, reserved 1048576K
}

