# JRE version: Java(TM) SE Runtime Environment (9.0+11) (build 9.0.1+11)
# Java VM: Java HotSpot(TM) 64-Bit Server VM (9.0.1+11, mixed mode, tiered, compressed oops, g1 gc, bsd-amd64)
Heap:
 garbage-first heap   total 140288K, used 43097K [0x00000007a0000000, 0x00000007a0100448, 0x00000007c0000000)
  region size 1024K, 2 young (2048K), 0 survivors (0K)
 Metaspace       used 37744K, capacity 38891K, committed 39296K, reserved 1083392K
  class space    used 4663K, capacity 4912K, committed 4992K, reserved 1048576K
GC Heap History (10 events):
Event: 140.624 GC heap before
{Heap before GC invocations=14 (full 0):
 garbage-first heap   total 262144K, used 195750K [0x00000007a0000000, 0x00000007a0100800, 0x00000007c0000000)
  region size 1024K, 153 young (156672K), 13 survivors (13312K)
 Metaspace       used 37460K, capacity 38603K, committed 39040K, reserved 1083392K
  class space    used 4644K, capacity 4906K, committed 4992K, reserved 1048576K
}
Event: 140.630 GC heap after
{Heap after GC invocations=15 (full 0):
 garbage-first heap   total 262144K, used 52441K [0x00000007a0000000, 0x00000007a0100800, 0x00000007c0000000)
  region size 1024K, 13 young (13312K), 13 survivors (13312K)
 Metaspace       used 37460K, capacity 38603K, committed 39040K, reserved 1083392K
  class space    used 4644K, capacity 4906K, committed 4992K, reserved 1048576K
}
Event: 158.420 GC heap before
{Heap before GC invocations=15 (full 0):
 garbage-first heap   total 262144K, used 195801K [0x00000007a0000000, 0x00000007a0100800, 0x00000007c0000000)
  region size 1024K, 153 young (156672K), 13 survivors (13312K)
 Metaspace       used 37461K, capacity 38603K, committed 39040K, reserved 1083392K
  class space    used 4644K, capacity 4906K, committed 4992K, reserved 1048576K
}
Event: 158.426 GC heap after
{Heap after GC invocations=16 (full 0):
 garbage-first heap   total 262144K, used 52934K [0x00000007a0000000, 0x00000007a0100800, 0x00000007c0000000)
  region size 1024K, 11 young (11264K), 11 survivors (11264K)
 Metaspace       used 37461K, capacity 38603K, committed 39040K, reserved 1083392K
  class space    used 4644K, capacity 4906K, committed 4992K, reserved 1048576K
}
Event: 174.922 GC heap before
{Heap before GC invocations=16 (full 0):
 garbage-first heap   total 262144K, used 198342K [0x00000007a0000000, 0x00000007a0100800, 0x00000007c0000000)
  region size 1024K, 153 young (156672K), 11 survivors (11264K)
 Metaspace       used 37480K, capacity 38673K, committed 39040K, reserved 1083392K
  class space    used 4645K, capacity 4907K, committed 4992K, reserved 1048576K
}
Event: 174.929 GC heap after
{Heap after GC invocations=17 (full 0):
 garbage-first heap   total 262144K, used 55423K [0x00000007a0000000, 0x00000007a0100800, 0x00000007c0000000)
  region size 1024K, 13 young (13312K), 13 survivors (13312K)
 Metaspace       used 37480K, capacity 38673K, committed 39040K, reserved 1083392K
  class space    used 4645K, capacity 4907K, committed 4992K, reserved 1048576K
}
Event: 192.777 GC heap before
{Heap before GC invocations=17 (full 0):
 garbage-first heap   total 262144K, used 219263K [0x00000007a0000000, 0x00000007a0100800, 0x00000007c0000000)
  region size 1024K, 153 young (156672K), 13 survivors (13312K)
 Metaspace       used 37649K, capacity 38871K, committed 39296K, reserved 1083392K
  class space    used 4647K, capacity 4908K, committed 4992K, reserved 1048576K
}
Event: 192.784 GC heap after
{Heap after GC invocations=18 (full 0):
 garbage-first heap   total 262144K, used 75532K [0x00000007a0000000, 0x00000007a0100800, 0x00000007c0000000)
  region size 1024K, 13 young (13312K), 13 survivors (13312K)
 Metaspace       used 37649K, capacity 38871K, committed 39296K, reserved 1083392K
  class space    used 4647K, capacity 4908K, committed 4992K, reserved 1048576K
}
Event: 195.357 GC heap before
{Heap before GC invocations=18 (full 0):
 garbage-first heap   total 262144K, used 90892K [0x00000007a0000000, 0x00000007a0100800, 0x00000007c0000000)
  region size 1024K, 29 young (29696K), 13 survivors (13312K)
 Metaspace       used 37693K, capacity 38889K, committed 39296K, reserved 1083392K
  class space    used 4658K, capacity 4911K, committed 4992K, reserved 1048576K
}
Event: 195.445 GC heap after
{Heap after GC invocations=19 (full 1):
 garbage-first heap   total 140288K, used 42073K [0x00000007a0000000, 0x00000007a0100448, 0x00000007c0000000)
  region size 1024K, 0 young (0K), 0 survivors (0K)
 Metaspace       used 37693K, capacity 38889K, committed 39296K, reserved 1083392K
  class space    used 4658K, capacity 4911K, committed 4992K, reserved 1048576K
}

