# JRE version: Java(TM) SE Runtime Environment (9.0+11) (build 9.0.1+11)
# Java VM: Java HotSpot(TM) 64-Bit Server VM (9.0.1+11, mixed mode, tiered, compressed oops, g1 gc, bsd-amd64)
Heap:
 garbage-first heap   total 262144K, used 174535K [0x00000007a0000000, 0x00000007a0100800, 0x00000007c0000000)
  region size 1024K, 139 young (142336K), 13 survivors (13312K)
 Metaspace       used 37491K, capacity 38667K, committed 39040K, reserved 1083392K
  class space    used 4655K, capacity 4906K, committed 4992K, reserved 1048576K
GC Heap History (10 events):
Event: 11.277 GC heap before
{Heap before GC invocations=7 (full 0):
 garbage-first heap   total 262144K, used 89308K [0x00000007a0000000, 0x00000007a0100800, 0x00000007c0000000)
  region size 1024K, 71 young (72704K), 15 survivors (15360K)
 Metaspace       used 36235K, capacity 37423K, committed 37760K, reserved 1081344K
  class space    used 4639K, capacity 4902K, committed 4992K, reserved 1048576K
}
Event: 11.292 GC heap after
{Heap after GC invocations=8 (full 0):
 garbage-first heap   total 262144K, used 38337K [0x00000007a0000000, 0x00000007a0100800, 0x00000007c0000000)
  region size 1024K, 9 young (9216K), 9 survivors (9216K)
 Metaspace       used 36235K, capacity 37423K, committed 37760K, reserved 1081344K
  class space    used 4639K, capacity 4902K, committed 4992K, reserved 1048576K
}
Event: 28.138 GC heap before
{Heap before GC invocations=8 (full 0):
 garbage-first heap   total 262144K, used 178625K [0x00000007a0000000, 0x00000007a0100800, 0x00000007c0000000)
  region size 1024K, 146 young (149504K), 9 survivors (9216K)
 Metaspace       used 36961K, capacity 38155K, committed 38528K, reserved 1083392K
  class space    used 4645K, capacity 4906K, committed 4992K, reserved 1048576K
}
Event: 28.151 GC heap after
{Heap after GC invocations=9 (full 0):
 garbage-first heap   total 262144K, used 45383K [0x00000007a0000000, 0x00000007a0100800, 0x00000007c0000000)
  region size 1024K, 16 young (16384K), 16 survivors (16384K)
 Metaspace       used 36961K, capacity 38155K, committed 38528K, reserved 1083392K
  class space    used 4645K, capacity 4906K, committed 4992K, reserved 1048576K
}
Event: 44.506 GC heap before
{Heap before GC invocations=9 (full 0):
 garbage-first heap   total 262144K, used 179527K [0x00000007a0000000, 0x00000007a0100800, 0x00000007c0000000)
  region size 1024K, 147 young (150528K), 16 survivors (16384K)
 Metaspace       used 37157K, capacity 38347K, committed 38784K, reserved 1083392K
  class space    used 4645K, capacity 4906K, committed 4992K, reserved 1048576K
}
Event: 44.514 GC heap after
{Heap after GC invocations=10 (full 0):
 garbage-first heap   total 262144K, used 46013K [0x00000007a0000000, 0x00000007a0100800, 0x00000007c0000000)
  region size 1024K, 13 young (13312K), 13 survivors (13312K)
 Metaspace       used 37157K, capacity 38347K, committed 38784K, reserved 1083392K
  class space    used 4645K, capacity 4906K, committed 4992K, reserved 1048576K
}
Event: 61.874 GC heap before
{Heap before GC invocations=10 (full 0):
 garbage-first heap   total 262144K, used 184253K [0x00000007a0000000, 0x00000007a0100800, 0x00000007c0000000)
  region size 1024K, 148 young (151552K), 13 survivors (13312K)
 Metaspace       used 37291K, capacity 38475K, committed 38784K, reserved 1083392K
  class space    used 4646K, capacity 4906K, committed 4992K, reserved 1048576K
}
Event: 61.879 GC heap after
{Heap after GC invocations=11 (full 0):
 garbage-first heap   total 262144K, used 46395K [0x00000007a0000000, 0x00000007a0100800, 0x00000007c0000000)
  region size 1024K, 13 young (13312K), 13 survivors (13312K)
 Metaspace       used 37291K, capacity 38475K, committed 38784K, reserved 1083392K
  class space    used 4646K, capacity 4906K, committed 4992K, reserved 1048576K
}
Event: 79.396 GC heap before
{Heap before GC invocations=11 (full 0):
 garbage-first heap   total 262144K, used 187707K [0x00000007a0000000, 0x00000007a0100800, 0x00000007c0000000)
  region size 1024K, 151 young (154624K), 13 survivors (13312K)
 Metaspace       used 37343K, capacity 38539K, committed 38784K, reserved 1083392K
  class space    used 4646K, capacity 4906K, committed 4992K, reserved 1048576K
}
Event: 79.401 GC heap after
{Heap after GC invocations=12 (full 0):
 garbage-first heap   total 262144K, used 46535K [0x00000007a0000000, 0x00000007a0100800, 0x00000007c0000000)
  region size 1024K, 13 young (13312K), 13 survivors (13312K)
 Metaspace       used 37343K, capacity 38539K, committed 38784K, reserved 1083392K
  class space    used 4646K, capacity 4906K, committed 4992K, reserved 1048576K
}

