# JRE version: Java(TM) SE Runtime Environment (9.0+11) (build 9.0.1+11)
# Java VM: Java HotSpot(TM) 64-Bit Server VM (9.0.1+11, mixed mode, tiered, compressed oops, g1 gc, bsd-amd64)
Heap:
 garbage-first heap   total 104448K, used 32226K [0x00000007a0000000, 0x00000007a0100330, 0x00000007c0000000)
  region size 1024K, 2 young (2048K), 0 survivors (0K)
 Metaspace       used 37169K, capacity 37869K, committed 39040K, reserved 1083392K
  class space    used 4541K, capacity 4701K, committed 4992K, reserved 1048576K
GC Heap History (10 events):
Event: 2904.065 GC heap before
{Heap before GC invocations=149 (full 0):
 garbage-first heap   total 262144K, used 191895K [0x00000007a0000000, 0x00000007a0100800, 0x00000007c0000000)
  region size 1024K, 153 young (156672K), 10 survivors (10240K)
 Metaspace       used 37365K, capacity 38547K, committed 39040K, reserved 1083392K
  class space    used 4616K, capacity 4870K, committed 4992K, reserved 1048576K
}
Event: 2904.068 GC heap after
{Heap after GC invocations=150 (full 0):
 garbage-first heap   total 262144K, used 44883K [0x00000007a0000000, 0x00000007a0100800, 0x00000007c0000000)
  region size 1024K, 10 young (10240K), 10 survivors (10240K)
 Metaspace       used 37365K, capacity 38547K, committed 39040K, reserved 1083392K
  class space    used 4616K, capacity 4870K, committed 4992K, reserved 1048576K
}
Event: 2925.518 GC heap before
{Heap before GC invocations=150 (full 0):
 garbage-first heap   total 262144K, used 191315K [0x00000007a0000000, 0x00000007a0100800, 0x00000007c0000000)
  region size 1024K, 153 young (156672K), 10 survivors (10240K)
 Metaspace       used 37365K, capacity 38547K, committed 39040K, reserved 1083392K
  class space    used 4616K, capacity 4870K, committed 4992K, reserved 1048576K
}
Event: 2925.523 GC heap after
{Heap after GC invocations=151 (full 0):
 garbage-first heap   total 262144K, used 45463K [0x00000007a0000000, 0x00000007a0100800, 0x00000007c0000000)
  region size 1024K, 10 young (10240K), 10 survivors (10240K)
 Metaspace       used 37365K, capacity 38547K, committed 39040K, reserved 1083392K
  class space    used 4616K, capacity 4870K, committed 4992K, reserved 1048576K
}
Event: 2948.037 GC heap before
{Heap before GC invocations=151 (full 0):
 garbage-first heap   total 262144K, used 191895K [0x00000007a0000000, 0x00000007a0100800, 0x00000007c0000000)
  region size 1024K, 153 young (156672K), 10 survivors (10240K)
 Metaspace       used 37365K, capacity 38547K, committed 39040K, reserved 1083392K
  class space    used 4616K, capacity 4870K, committed 4992K, reserved 1048576K
}
Event: 2948.043 GC heap after
{Heap after GC invocations=152 (full 0):
 garbage-first heap   total 262144K, used 44439K [0x00000007a0000000, 0x00000007a0100800, 0x00000007c0000000)
  region size 1024K, 9 young (9216K), 9 survivors (9216K)
 Metaspace       used 37365K, capacity 38547K, committed 39040K, reserved 1083392K
  class space    used 4616K, capacity 4870K, committed 4992K, reserved 1048576K
}
Event: 2969.835 GC heap before
{Heap before GC invocations=152 (full 0):
 garbage-first heap   total 262144K, used 191895K [0x00000007a0000000, 0x00000007a0100800, 0x00000007c0000000)
  region size 1024K, 153 young (156672K), 9 survivors (9216K)
 Metaspace       used 37378K, capacity 38547K, committed 39040K, reserved 1083392K
  class space    used 4616K, capacity 4870K, committed 4992K, reserved 1048576K
}
Event: 2969.839 GC heap after
{Heap after GC invocations=153 (full 0):
 garbage-first heap   total 262144K, used 44893K [0x00000007a0000000, 0x00000007a0100800, 0x00000007c0000000)
  region size 1024K, 10 young (10240K), 10 survivors (10240K)
 Metaspace       used 37378K, capacity 38547K, committed 39040K, reserved 1083392K
  class space    used 4616K, capacity 4870K, committed 4992K, reserved 1048576K
}
Event: 2974.522 GC heap before
{Heap before GC invocations=153 (full 0):
 garbage-first heap   total 262144K, used 80733K [0x00000007a0000000, 0x00000007a0100800, 0x00000007c0000000)
  region size 1024K, 46 young (47104K), 10 survivors (10240K)
 Metaspace       used 37433K, capacity 38565K, committed 39040K, reserved 1083392K
  class space    used 4627K, capacity 4873K, committed 4992K, reserved 1048576K
}
Event: 2974.612 GC heap after
{Heap after GC invocations=154 (full 1):
 garbage-first heap   total 104448K, used 31202K [0x00000007a0000000, 0x00000007a0100330, 0x00000007c0000000)
  region size 1024K, 0 young (0K), 0 survivors (0K)
 Metaspace       used 37107K, capacity 37737K, committed 39040K, reserved 1083392K
  class space    used 4534K, capacity 4699K, committed 4992K, reserved 1048576K
}

