# JRE version: Java(TM) SE Runtime Environment (9.0+11) (build 9.0.1+11)
# Java VM: Java HotSpot(TM) 64-Bit Server VM (9.0.1+11, mixed mode, tiered, compressed oops, g1 gc, bsd-amd64)
Heap:
 garbage-first heap   total 109568K, used 33845K [0x00000007a0000000, 0x00000007a0100358, 0x00000007c0000000)
  region size 1024K, 2 young (2048K), 0 survivors (0K)
 Metaspace       used 37258K, capacity 38469K, committed 38784K, reserved 1083392K
  class space    used 4728K, capacity 4969K, committed 4992K, reserved 1048576K
GC Heap History (10 events):
Event: 7.938 GC heap before
{Heap before GC invocations=5 (full 0):
 garbage-first heap   total 262144K, used 70152K [0x00000007a0000000, 0x00000007a0100800, 0x00000007c0000000)
  region size 1024K, 30 young (30720K), 6 survivors (6144K)
 Metaspace       used 34303K, capacity 35401K, committed 35584K, reserved 1079296K
  class space    used 4594K, capacity 4833K, committed 4864K, reserved 1048576K
}
Event: 7.949 GC heap after
{Heap after GC invocations=6 (full 0):
 garbage-first heap   total 262144K, used 38783K [0x00000007a0000000, 0x00000007a0100800, 0x00000007c0000000)
  region size 1024K, 15 young (15360K), 15 survivors (15360K)
 Metaspace       used 34303K, capacity 35401K, committed 35584K, reserved 1079296K
  class space    used 4594K, capacity 4833K, committed 4864K, reserved 1048576K
}
Event: 14.748 GC heap before
{Heap before GC invocations=7 (full 0):
 garbage-first heap   total 262144K, used 88439K [0x00000007a0000000, 0x00000007a0100800, 0x00000007c0000000)
  region size 1024K, 67 young (68608K), 15 survivors (15360K)
 Metaspace       used 36338K, capacity 37521K, committed 37760K, reserved 1081344K
  class space    used 4708K, capacity 4933K, committed 4992K, reserved 1048576K
}
Event: 14.762 GC heap after
{Heap after GC invocations=8 (full 0):
 garbage-first heap   total 262144K, used 41015K [0x00000007a0000000, 0x00000007a0100800, 0x00000007c0000000)
  region size 1024K, 9 young (9216K), 9 survivors (9216K)
 Metaspace       used 36338K, capacity 37521K, committed 37760K, reserved 1081344K
  class space    used 4708K, capacity 4933K, committed 4992K, reserved 1048576K
}
Event: 34.748 GC heap before
{Heap before GC invocations=8 (full 0):
 garbage-first heap   total 262144K, used 180279K [0x00000007a0000000, 0x00000007a0100800, 0x00000007c0000000)
  region size 1024K, 145 young (148480K), 9 survivors (9216K)
 Metaspace       used 36953K, capacity 38129K, committed 38528K, reserved 1083392K
  class space    used 4710K, capacity 4965K, committed 4992K, reserved 1048576K
}
Event: 34.758 GC heap after
{Heap after GC invocations=9 (full 0):
 garbage-first heap   total 262144K, used 43952K [0x00000007a0000000, 0x00000007a0100800, 0x00000007c0000000)
  region size 1024K, 12 young (12288K), 12 survivors (12288K)
 Metaspace       used 36953K, capacity 38129K, committed 38528K, reserved 1083392K
  class space    used 4710K, capacity 4965K, committed 4992K, reserved 1048576K
}
Event: 54.537 GC heap before
{Heap before GC invocations=9 (full 0):
 garbage-first heap   total 262144K, used 185264K [0x00000007a0000000, 0x00000007a0100800, 0x00000007c0000000)
  region size 1024K, 150 young (153600K), 12 survivors (12288K)
 Metaspace       used 37075K, capacity 38257K, committed 38528K, reserved 1083392K
  class space    used 4711K, capacity 4965K, committed 4992K, reserved 1048576K
}
Event: 54.543 GC heap after
{Heap after GC invocations=10 (full 0):
 garbage-first heap   total 262144K, used 44173K [0x00000007a0000000, 0x00000007a0100800, 0x00000007c0000000)
  region size 1024K, 10 young (10240K), 10 survivors (10240K)
 Metaspace       used 37075K, capacity 38257K, committed 38528K, reserved 1083392K
  class space    used 4711K, capacity 4965K, committed 4992K, reserved 1048576K
}
Event: 56.448 GC heap before
{Heap before GC invocations=10 (full 0):
 garbage-first heap   total 262144K, used 59533K [0x00000007a0000000, 0x00000007a0100800, 0x00000007c0000000)
  region size 1024K, 26 young (26624K), 10 survivors (10240K)
 Metaspace       used 37197K, capacity 38339K, committed 38784K, reserved 1083392K
  class space    used 4725K, capacity 4968K, committed 4992K, reserved 1048576K
}
Event: 56.519 GC heap after
{Heap after GC invocations=11 (full 1):
 garbage-first heap   total 109568K, used 32821K [0x00000007a0000000, 0x00000007a0100358, 0x00000007c0000000)
  region size 1024K, 0 young (0K), 0 survivors (0K)
 Metaspace       used 37197K, capacity 38339K, committed 38784K, reserved 1083392K
  class space    used 4725K, capacity 4968K, committed 4992K, reserved 1048576K
}

