# JRE version: Java(TM) SE Runtime Environment (9.0+11) (build 9.0.1+11)
# Java VM: Java HotSpot(TM) 64-Bit Server VM (9.0.1+11, mixed mode, tiered, compressed oops, g1 gc, bsd-amd64)
Heap:
 garbage-first heap   total 262144K, used 51661K [0x00000007a0000000, 0x00000007a0100800, 0x00000007c0000000)
  region size 1024K, 13 young (13312K), 11 survivors (11264K)
 Metaspace       used 37897K, capacity 39037K, committed 39296K, reserved 1083392K
  class space    used 4735K, capacity 4969K, committed 4992K, reserved 1048576K
GC Heap History (10 events):
Event: 53.401 GC heap before
{Heap before GC invocations=13 (full 0):
 garbage-first heap   total 262144K, used 192606K [0x00000007a0000000, 0x00000007a0100800, 0x00000007c0000000)
  region size 1024K, 153 young (156672K), 13 survivors (13312K)
 Metaspace       used 37749K, capacity 38949K, committed 39296K, reserved 1083392K
  class space    used 4719K, capacity 4965K, committed 4992K, reserved 1048576K
}
Event: 53.407 GC heap after
{Heap after GC invocations=14 (full 0):
 garbage-first heap   total 262144K, used 49907K [0x00000007a0000000, 0x00000007a0100800, 0x00000007c0000000)
  region size 1024K, 13 young (13312K), 13 survivors (13312K)
 Metaspace       used 37749K, capacity 38949K, committed 39296K, reserved 1083392K
  class space    used 4719K, capacity 4965K, committed 4992K, reserved 1048576K
}
Event: 58.197 GC heap before
{Heap before GC invocations=14 (full 0):
 garbage-first heap   total 262144K, used 193267K [0x00000007a0000000, 0x00000007a0100800, 0x00000007c0000000)
  region size 1024K, 153 young (156672K), 13 survivors (13312K)
 Metaspace       used 37762K, capacity 38949K, committed 39296K, reserved 1083392K
  class space    used 4719K, capacity 4965K, committed 4992K, reserved 1048576K
}
Event: 58.202 GC heap after
{Heap after GC invocations=15 (full 0):
 garbage-first heap   total 262144K, used 50688K [0x00000007a0000000, 0x00000007a0100800, 0x00000007c0000000)
  region size 1024K, 11 young (11264K), 11 survivors (11264K)
 Metaspace       used 37762K, capacity 38949K, committed 39296K, reserved 1083392K
  class space    used 4719K, capacity 4965K, committed 4992K, reserved 1048576K
}
Event: 62.820 GC heap before
{Heap before GC invocations=15 (full 0):
 garbage-first heap   total 262144K, used 196096K [0x00000007a0000000, 0x00000007a0100800, 0x00000007c0000000)
  region size 1024K, 153 young (156672K), 11 survivors (11264K)
 Metaspace       used 37762K, capacity 38949K, committed 39296K, reserved 1083392K
  class space    used 4719K, capacity 4965K, committed 4992K, reserved 1048576K
}
Event: 62.824 GC heap after
{Heap after GC invocations=16 (full 0):
 garbage-first heap   total 262144K, used 50106K [0x00000007a0000000, 0x00000007a0100800, 0x00000007c0000000)
  region size 1024K, 10 young (10240K), 10 survivors (10240K)
 Metaspace       used 37762K, capacity 38949K, committed 39296K, reserved 1083392K
  class space    used 4719K, capacity 4965K, committed 4992K, reserved 1048576K
}
Event: 67.540 GC heap before
{Heap before GC invocations=16 (full 0):
 garbage-first heap   total 262144K, used 196538K [0x00000007a0000000, 0x00000007a0100800, 0x00000007c0000000)
  region size 1024K, 153 young (156672K), 10 survivors (10240K)
 Metaspace       used 37763K, capacity 38949K, committed 39296K, reserved 1083392K
  class space    used 4719K, capacity 4965K, committed 4992K, reserved 1048576K
}
Event: 67.545 GC heap after
{Heap after GC invocations=17 (full 0):
 garbage-first heap   total 262144K, used 50176K [0x00000007a0000000, 0x00000007a0100800, 0x00000007c0000000)
  region size 1024K, 10 young (10240K), 10 survivors (10240K)
 Metaspace       used 37763K, capacity 38949K, committed 39296K, reserved 1083392K
  class space    used 4719K, capacity 4965K, committed 4992K, reserved 1048576K
}
Event: 68.102 GC heap before
{Heap before GC invocations=17 (full 0):
 garbage-first heap   total 262144K, used 66560K [0x00000007a0000000, 0x00000007a0100800, 0x00000007c0000000)
  region size 1024K, 27 young (27648K), 10 survivors (10240K)
 Metaspace       used 37869K, capacity 39035K, committed 39296K, reserved 1083392K
  class space    used 4733K, capacity 4968K, committed 4992K, reserved 1048576K
}
Event: 68.106 GC heap after
{Heap after GC invocations=18 (full 0):
 garbage-first heap   total 262144K, used 50637K [0x00000007a0000000, 0x00000007a0100800, 0x00000007c0000000)
  region size 1024K, 11 young (11264K), 11 survivors (11264K)
 Metaspace       used 37869K, capacity 39035K, committed 39296K, reserved 1083392K
  class space    used 4733K, capacity 4968K, committed 4992K, reserved 1048576K
}

