# JRE version: Java(TM) SE Runtime Environment (9.0+11) (build 9.0.1+11)
# Java VM: Java HotSpot(TM) 64-Bit Server VM (9.0.1+11, mixed mode, tiered, compressed oops, g1 gc, bsd-amd64)
Heap:
 garbage-first heap   total 121856K, used 36331K [0x00000007a0000000, 0x00000007a01003b8, 0x00000007c0000000)
  region size 1024K, 1 young (1024K), 0 survivors (0K)
 Metaspace       used 37782K, capacity 38907K, committed 39296K, reserved 1083392K
  class space    used 4646K, capacity 4878K, committed 4992K, reserved 1048576K
GC Heap History (10 events):
Event: 28.104 GC heap before
{Heap before GC invocations=8 (full 0):
 garbage-first heap   total 262144K, used 176354K [0x00000007a0000000, 0x00000007a0100800, 0x00000007c0000000)
  region size 1024K, 143 young (146432K), 9 survivors (9216K)
 Metaspace       used 37425K, capacity 38607K, committed 39040K, reserved 1083392K
  class space    used 4626K, capacity 4870K, committed 4992K, reserved 1048576K
}
Event: 28.115 GC heap after
{Heap after GC invocations=9 (full 0):
 garbage-first heap   total 262144K, used 43084K [0x00000007a0000000, 0x00000007a0100800, 0x00000007c0000000)
  region size 1024K, 13 young (13312K), 13 survivors (13312K)
 Metaspace       used 37425K, capacity 38607K, committed 39040K, reserved 1083392K
  class space    used 4626K, capacity 4870K, committed 4992K, reserved 1048576K
}
Event: 43.172 GC heap before
{Heap before GC invocations=9 (full 0):
 garbage-first heap   total 262144K, used 179276K [0x00000007a0000000, 0x00000007a0100800, 0x00000007c0000000)
  region size 1024K, 146 young (149504K), 13 survivors (13312K)
 Metaspace       used 37532K, capacity 38671K, committed 39040K, reserved 1083392K
  class space    used 4627K, capacity 4870K, committed 4992K, reserved 1048576K
}
Event: 43.178 GC heap after
{Heap after GC invocations=10 (full 0):
 garbage-first heap   total 262144K, used 43008K [0x00000007a0000000, 0x00000007a0100800, 0x00000007c0000000)
  region size 1024K, 10 young (10240K), 10 survivors (10240K)
 Metaspace       used 37532K, capacity 38671K, committed 39040K, reserved 1083392K
  class space    used 4627K, capacity 4870K, committed 4992K, reserved 1048576K
}
Event: 57.954 GC heap before
{Heap before GC invocations=10 (full 0):
 garbage-first heap   total 262144K, used 183296K [0x00000007a0000000, 0x00000007a0100800, 0x00000007c0000000)
  region size 1024K, 147 young (150528K), 10 survivors (10240K)
 Metaspace       used 37624K, capacity 38823K, committed 39296K, reserved 1083392K
  class space    used 4629K, capacity 4874K, committed 4992K, reserved 1048576K
}
Event: 57.963 GC heap after
{Heap after GC invocations=11 (full 0):
 garbage-first heap   total 262144K, used 46080K [0x00000007a0000000, 0x00000007a0100800, 0x00000007c0000000)
  region size 1024K, 13 young (13312K), 13 survivors (13312K)
 Metaspace       used 37624K, capacity 38823K, committed 39296K, reserved 1083392K
  class space    used 4629K, capacity 4874K, committed 4992K, reserved 1048576K
}
Event: 73.551 GC heap before
{Heap before GC invocations=11 (full 0):
 garbage-first heap   total 262144K, used 189440K [0x00000007a0000000, 0x00000007a0100800, 0x00000007c0000000)
  region size 1024K, 153 young (156672K), 13 survivors (13312K)
 Metaspace       used 37667K, capacity 38823K, committed 39296K, reserved 1083392K
  class space    used 4629K, capacity 4874K, committed 4992K, reserved 1048576K
}
Event: 73.560 GC heap after
{Heap after GC invocations=12 (full 0):
 garbage-first heap   total 262144K, used 46689K [0x00000007a0000000, 0x00000007a0100800, 0x00000007c0000000)
  region size 1024K, 14 young (14336K), 14 survivors (14336K)
 Metaspace       used 37667K, capacity 38823K, committed 39296K, reserved 1083392K
  class space    used 4629K, capacity 4874K, committed 4992K, reserved 1048576K
}
Event: 81.102 GC heap before
{Heap before GC invocations=12 (full 0):
 garbage-first heap   total 262144K, used 112225K [0x00000007a0000000, 0x00000007a0100800, 0x00000007c0000000)
  region size 1024K, 79 young (80896K), 14 survivors (14336K)
 Metaspace       used 37732K, capacity 38905K, committed 39296K, reserved 1083392K
  class space    used 4640K, capacity 4877K, committed 4992K, reserved 1048576K
}
Event: 81.189 GC heap after
{Heap after GC invocations=13 (full 1):
 garbage-first heap   total 121856K, used 36331K [0x00000007a0000000, 0x00000007a01003b8, 0x00000007c0000000)
  region size 1024K, 0 young (0K), 0 survivors (0K)
 Metaspace       used 37732K, capacity 38905K, committed 39296K, reserved 1083392K
  class space    used 4640K, capacity 4877K, committed 4992K, reserved 1048576K
}

