# JRE version: Java(TM) SE Runtime Environment (9.0+11) (build 9.0.1+11)
# Java VM: Java HotSpot(TM) 64-Bit Server VM (9.0.1+11, mixed mode, tiered, compressed oops, g1 gc, bsd-amd64)
Heap:
 garbage-first heap   total 262144K, used 91334K [0x00000007a0000000, 0x00000007a0100800, 0x00000007c0000000)
  region size 1024K, 62 young (63488K), 6 survivors (6144K)
 Metaspace       used 32013K, capacity 33193K, committed 33536K, reserved 1079296K
  class space    used 4021K, capacity 4243K, committed 4352K, reserved 1048576K
GC Heap History (10 events):
Event: 0.874 GC heap before
{Heap before GC invocations=0 (full 0):
 garbage-first heap   total 262144K, used 14336K [0x00000007a0000000, 0x00000007a0100800, 0x00000007c0000000)
  region size 1024K, 14 young (14336K), 0 survivors (0K)
 Metaspace       used 11525K, capacity 12278K, committed 12544K, reserved 1060864K
  class space    used 1277K, capacity 1454K, committed 1536K, reserved 1048576K
}
Event: 0.881 GC heap after
{Heap after GC invocations=1 (full 0):
 garbage-first heap   total 262144K, used 4132K [0x00000007a0000000, 0x00000007a0100800, 0x00000007c0000000)
  region size 1024K, 2 young (2048K), 2 survivors (2048K)
 Metaspace       used 11525K, capacity 12278K, committed 12544K, reserved 1060864K
  class space    used 1277K, capacity 1454K, committed 1536K, reserved 1048576K
}
Event: 2.004 GC heap before
{Heap before GC invocations=1 (full 0):
 garbage-first heap   total 262144K, used 14372K [0x00000007a0000000, 0x00000007a0100800, 0x00000007c0000000)
  region size 1024K, 12 young (12288K), 2 survivors (2048K)
 Metaspace       used 13749K, capacity 14628K, committed 14848K, reserved 1062912K
  class space    used 1550K, capacity 1755K, committed 1792K, reserved 1048576K
}
Event: 2.010 GC heap after
{Heap after GC invocations=2 (full 0):
 garbage-first heap   total 262144K, used 6106K [0x00000007a0000000, 0x00000007a0100800, 0x00000007c0000000)
  region size 1024K, 2 young (2048K), 2 survivors (2048K)
 Metaspace       used 13749K, capacity 14628K, committed 14848K, reserved 1062912K
  class space    used 1550K, capacity 1755K, committed 1792K, reserved 1048576K
}
Event: 2.585 GC heap before
{Heap before GC invocations=2 (full 0):
 garbage-first heap   total 262144K, used 21466K [0x00000007a0000000, 0x00000007a0100800, 0x00000007c0000000)
  region size 1024K, 12 young (12288K), 2 survivors (2048K)
 Metaspace       used 20185K, capacity 21202K, committed 21296K, reserved 1067008K
  class space    used 2677K, capacity 2892K, committed 2944K, reserved 1048576K
}
Event: 2.593 GC heap after
{Heap after GC invocations=3 (full 0):
 garbage-first heap   total 262144K, used 14036K [0x00000007a0000000, 0x00000007a0100800, 0x00000007c0000000)
  region size 1024K, 4 young (4096K), 4 survivors (4096K)
 Metaspace       used 20185K, capacity 21202K, committed 21296K, reserved 1067008K
  class space    used 2677K, capacity 2892K, committed 2944K, reserved 1048576K
}
Event: 5.193 GC heap before
{Heap before GC invocations=4 (full 0):
 garbage-first heap   total 262144K, used 82644K [0x00000007a0000000, 0x00000007a0100800, 0x00000007c0000000)
  region size 1024K, 48 young (49152K), 4 survivors (4096K)
 Metaspace       used 30384K, capacity 31561K, committed 31744K, reserved 1077248K
  class space    used 3989K, capacity 4241K, committed 4352K, reserved 1048576K
}
Event: 5.205 GC heap after
{Heap after GC invocations=5 (full 0):
 garbage-first heap   total 262144K, used 46456K [0x00000007a0000000, 0x00000007a0100800, 0x00000007c0000000)
  region size 1024K, 6 young (6144K), 6 survivors (6144K)
 Metaspace       used 30384K, capacity 31561K, committed 31744K, reserved 1077248K
  class space    used 3989K, capacity 4241K, committed 4352K, reserved 1048576K
}
Event: 10.157 GC heap before
{Heap before GC invocations=5 (full 0):
 garbage-first heap   total 262144K, used 87416K [0x00000007a0000000, 0x00000007a0100800, 0x00000007c0000000)
  region size 1024K, 46 young (47104K), 6 survivors (6144K)
 Metaspace       used 31464K, capacity 32673K, committed 33024K, reserved 1077248K
  class space    used 4006K, capacity 4241K, committed 4352K, reserved 1048576K
}
Event: 10.169 GC heap after
{Heap after GC invocations=6 (full 0):
 garbage-first heap   total 262144K, used 35014K [0x00000007a0000000, 0x00000007a0100800, 0x00000007c0000000)
  region size 1024K, 6 young (6144K), 6 survivors (6144K)
 Metaspace       used 31464K, capacity 32673K, committed 33024K, reserved 1077248K
  class space    used 4006K, capacity 4241K, committed 4352K, reserved 1048576K
}

